<?xml version="1.0" encoding="UTF-8"?>
<!-- Generated by org.testng.reporters.JUnitXMLReporter -->
<testsuite ignored="1" hostname="GN2LADTR911QVCS" failures="1" tests="1" name="Test" time="16.29" errors="0" timestamp="2024-07-16T00:57:05 IST">
  <testcase classname="com.MyStore.TestCase.TC_MyAccountPageTest" name="sigInLogin" time="4.217">
    <failure type="java.lang.AssertionError" message="expected [true] but found [false]">
      <![CDATA[java.lang.AssertionError: expected [true] but found [false]
at com.MyStore.TestCase.TC_MyAccountPageTest.sigInLogin(TC_MyAccountPageTest.java:54)
at java.base/java.util.ArrayList.forEach(ArrayList.java:1511)
... Removed 31 stack frames]]>
    </failure>
  </testcase> <!-- sigInLogin -->
  <testcase classname="com.MyStore.TestCase.TC_MyAccountPageTest" name="verifyRegistrationAndLogin" time="0.0">
    <ignored/>
  </testcase> <!-- verifyRegistrationAndLogin -->
</testsuite> <!-- Test -->
